ducttape (version unknown)
by Jonathan Clark
SLF4J: Failed to load class "org.slf4j.impl.StaticLoggerBinder".
SLF4J: Defaulting to no-operation (NOP) logger implementation
SLF4J: See http://www.slf4j.org/codes.html#StaticLoggerBinder for further details.
Loading workflow version history...
Have 57 previous workflow versions
Finding hyperpaths contained in plan...
Found 16 vertices implied by realization plan do_ml_liz (Clause 1 of 2)
Found 16 vertices implied by realization plan do_ml_liz (Clause 2 of 2)
Union of all planned vertices has size 24
Checking for completed tasks from versions 1 through 57...
Task incomplete: /exp/rwicks/ersatz/exp/ducttape/train/EOSWeight.20.0+EmbedSize.32+LeftSize.4+LinearLayers.2+RightSize.4+Scenario.multilingual+Vocabulary.ml_48000_vocab (ActivationType.tanh+EOSWeight.20.0+EmbedSize.32+LeftSize.4+LinearLayers.2+NHead.8+RightSize.4+Scenario.multilingual+TransformerLayers.0+Vocabulary.ml_48000_vocab): Exit code file does not exist
Task incomplete: /exp/rwicks/ersatz/exp/ducttape/train/EOSWeight.20.0+EmbedSize.128+LeftSize.4+LinearLayers.2+RightSize.4+Scenario.multilingual+Vocabulary.ml_48000_vocab (ActivationType.tanh+EOSWeight.20.0+EmbedSize.128+LeftSize.4+LinearLayers.2+NHead.8+RightSize.4+Scenario.multilingual+TransformerLayers.0+Vocabulary.ml_48000_vocab): Exit code file does not exist
Task incomplete: /exp/rwicks/ersatz/exp/ducttape/train/EOSWeight.20.0+EmbedSize.32+LeftSize.6+LinearLayers.1+RightSize.4+Scenario.multilingual+TransformerLayers.2+Vocabulary.ml_3000_vocab (ActivationType.tanh+EOSWeight.20.0+EmbedSize.32+LeftSize.6+LinearLayers.1+NHead.8+RightSize.4+Scenario.multilingual+TransformerLayers.2+Vocabulary.ml_3000_vocab): Exit code file does not exist
Task incomplete: /exp/rwicks/ersatz/exp/ducttape/train/EOSWeight.20.0+EmbedSize.32+LeftSize.4+LinearLayers.1+RightSize.4+Scenario.multilingual+TransformerLayers.2+Vocabulary.ml_48000_vocab (ActivationType.tanh+EOSWeight.20.0+EmbedSize.32+LeftSize.4+LinearLayers.1+NHead.8+RightSize.4+Scenario.multilingual+TransformerLayers.2+Vocabulary.ml_48000_vocab): Exit code file does not exist
Task incomplete: /exp/rwicks/ersatz/exp/ducttape/train/EOSWeight.20.0+EmbedSize.128+LeftSize.4+LinearLayers.1+RightSize.4+Scenario.multilingual+TransformerLayers.2+Vocabulary.ml_48000_vocab (ActivationType.tanh+EOSWeight.20.0+EmbedSize.128+LeftSize.4+LinearLayers.1+NHead.8+RightSize.4+Scenario.multilingual+TransformerLayers.2+Vocabulary.ml_48000_vocab): Exit code file does not exist
Task incomplete: /exp/rwicks/ersatz/exp/ducttape/train/EOSWeight.20.0+EmbedSize.128+LeftSize.4+LinearLayers.2+RightSize.4+Scenario.multilingual+Vocabulary.ml_3000_vocab (ActivationType.tanh+EOSWeight.20.0+EmbedSize.128+LeftSize.4+LinearLayers.2+NHead.8+RightSize.4+Scenario.multilingual+TransformerLayers.0+Vocabulary.ml_3000_vocab): Exit code file does not exist
Task incomplete: /exp/rwicks/ersatz/exp/ducttape/train/EOSWeight.20.0+EmbedSize.32+LeftSize.4+LinearLayers.1+RightSize.4+Scenario.multilingual+TransformerLayers.2+Vocabulary.ml_3000_vocab (ActivationType.tanh+EOSWeight.20.0+EmbedSize.32+LeftSize.4+LinearLayers.1+NHead.8+RightSize.4+Scenario.multilingual+TransformerLayers.2+Vocabulary.ml_3000_vocab): Exit code file does not exist
Task incomplete: /exp/rwicks/ersatz/exp/ducttape/train/EOSWeight.20.0+EmbedSize.128+LeftSize.4+LinearLayers.1+RightSize.4+Scenario.multilingual+TransformerLayers.2+Vocabulary.ml_3000_vocab (ActivationType.tanh+EOSWeight.20.0+EmbedSize.128+LeftSize.4+LinearLayers.1+NHead.8+RightSize.4+Scenario.multilingual+TransformerLayers.2+Vocabulary.ml_3000_vocab): Exit code file does not exist
Task incomplete: /exp/rwicks/ersatz/exp/ducttape/train/EOSWeight.20.0+EmbedSize.32+LeftSize.4+LinearLayers.2+RightSize.4+Scenario.multilingual+Vocabulary.ml_3000_vocab (ActivationType.tanh+EOSWeight.20.0+EmbedSize.32+LeftSize.4+LinearLayers.2+NHead.8+RightSize.4+Scenario.multilingual+TransformerLayers.0+Vocabulary.ml_3000_vocab): Exit code file does not exist
Task incomplete: /exp/rwicks/ersatz/exp/ducttape/train/EOSWeight.20.0+EmbedSize.32+LeftSize.6+LinearLayers.1+RightSize.4+Scenario.multilingual+TransformerLayers.2+Vocabulary.ml_48000_vocab (ActivationType.tanh+EOSWeight.20.0+EmbedSize.32+LeftSize.6+LinearLayers.1+NHead.8+RightSize.4+Scenario.multilingual+TransformerLayers.2+Vocabulary.ml_48000_vocab): Exit code file does not exist
Task incomplete: /exp/rwicks/ersatz/exp/ducttape/train/EOSWeight.20.0+EmbedSize.128+LeftSize.6+LinearLayers.1+RightSize.4+Scenario.multilingual+TransformerLayers.2+Vocabulary.ml_48000_vocab (ActivationType.tanh+EOSWeight.20.0+EmbedSize.128+LeftSize.6+LinearLayers.1+NHead.8+RightSize.4+Scenario.multilingual+TransformerLayers.2+Vocabulary.ml_48000_vocab): Exit code file does not exist
Task incomplete: /exp/rwicks/ersatz/exp/ducttape/train/EOSWeight.20.0+EmbedSize.32+LeftSize.6+LinearLayers.2+RightSize.4+Scenario.multilingual+Vocabulary.ml_48000_vocab (ActivationType.tanh+EOSWeight.20.0+EmbedSize.32+LeftSize.6+LinearLayers.2+NHead.8+RightSize.4+Scenario.multilingual+TransformerLayers.0+Vocabulary.ml_48000_vocab): Exit code file does not exist
Task incomplete: /exp/rwicks/ersatz/exp/ducttape/train/EOSWeight.20.0+EmbedSize.128+LeftSize.6+LinearLayers.2+RightSize.4+Scenario.multilingual+Vocabulary.ml_48000_vocab (ActivationType.tanh+EOSWeight.20.0+EmbedSize.128+LeftSize.6+LinearLayers.2+NHead.8+RightSize.4+Scenario.multilingual+TransformerLayers.0+Vocabulary.ml_48000_vocab): Exit code file does not exist
Task incomplete: /exp/rwicks/ersatz/exp/ducttape/train/EOSWeight.20.0+EmbedSize.128+LeftSize.6+LinearLayers.1+RightSize.4+Scenario.multilingual+TransformerLayers.2+Vocabulary.ml_3000_vocab (ActivationType.tanh+EOSWeight.20.0+EmbedSize.128+LeftSize.6+LinearLayers.1+NHead.8+RightSize.4+Scenario.multilingual+TransformerLayers.2+Vocabulary.ml_3000_vocab): Exit code file does not exist
Task incomplete: /exp/rwicks/ersatz/exp/ducttape/train/EOSWeight.20.0+EmbedSize.32+LeftSize.6+LinearLayers.2+RightSize.4+Scenario.multilingual+Vocabulary.ml_3000_vocab (ActivationType.tanh+EOSWeight.20.0+EmbedSize.32+LeftSize.6+LinearLayers.2+NHead.8+RightSize.4+Scenario.multilingual+TransformerLayers.0+Vocabulary.ml_3000_vocab): Exit code file does not exist
Task incomplete: /exp/rwicks/ersatz/exp/ducttape/train/EOSWeight.20.0+EmbedSize.128+LeftSize.6+LinearLayers.2+RightSize.4+Scenario.multilingual+Vocabulary.ml_3000_vocab (ActivationType.tanh+EOSWeight.20.0+EmbedSize.128+LeftSize.6+LinearLayers.2+NHead.8+RightSize.4+Scenario.multilingual+TransformerLayers.0+Vocabulary.ml_3000_vocab): Exit code file does not exist
Finding packages...
Found 1 packages
Checking for already built packages (if this takes a long time, consider switching to a local-disk git clone instead of a remote repository)...
Found existing version of package ersatz: VERSIONING_UNSUPPORTED
Checking inputs...
Work plan (depth-first traversal):
DELETE: /exp/rwicks/ersatz/exp/ducttape/train/EOSWeight.20.0+EmbedSize.32+LeftSize.4+LinearLayers.2+RightSize.4+Scenario.multilingual+Vocabulary.ml_48000_vocab (ActivationType.tanh+EOSWeight.20.0+EmbedSize.32+LeftSize.4+LinearLayers.2+NHead.8+RightSize.4+Scenario.multilingual+TransformerLayers.0+Vocabulary.ml_48000_vocab)
DELETE: /exp/rwicks/ersatz/exp/ducttape/train/EOSWeight.20.0+EmbedSize.128+LeftSize.4+LinearLayers.2+RightSize.4+Scenario.multilingual+Vocabulary.ml_48000_vocab (ActivationType.tanh+EOSWeight.20.0+EmbedSize.128+LeftSize.4+LinearLayers.2+NHead.8+RightSize.4+Scenario.multilingual+TransformerLayers.0+Vocabulary.ml_48000_vocab)
DELETE: /exp/rwicks/ersatz/exp/ducttape/train/EOSWeight.20.0+EmbedSize.32+LeftSize.6+LinearLayers.1+RightSize.4+Scenario.multilingual+TransformerLayers.2+Vocabulary.ml_3000_vocab (ActivationType.tanh+EOSWeight.20.0+EmbedSize.32+LeftSize.6+LinearLayers.1+NHead.8+RightSize.4+Scenario.multilingual+TransformerLayers.2+Vocabulary.ml_3000_vocab)
DELETE: /exp/rwicks/ersatz/exp/ducttape/train/EOSWeight.20.0+EmbedSize.32+LeftSize.4+LinearLayers.1+RightSize.4+Scenario.multilingual+TransformerLayers.2+Vocabulary.ml_48000_vocab (ActivationType.tanh+EOSWeight.20.0+EmbedSize.32+LeftSize.4+LinearLayers.1+NHead.8+RightSize.4+Scenario.multilingual+TransformerLayers.2+Vocabulary.ml_48000_vocab)
DELETE: /exp/rwicks/ersatz/exp/ducttape/train/EOSWeight.20.0+EmbedSize.128+LeftSize.4+LinearLayers.1+RightSize.4+Scenario.multilingual+TransformerLayers.2+Vocabulary.ml_48000_vocab (ActivationType.tanh+EOSWeight.20.0+EmbedSize.128+LeftSize.4+LinearLayers.1+NHead.8+RightSize.4+Scenario.multilingual+TransformerLayers.2+Vocabulary.ml_48000_vocab)
DELETE: /exp/rwicks/ersatz/exp/ducttape/train/EOSWeight.20.0+EmbedSize.128+LeftSize.4+LinearLayers.2+RightSize.4+Scenario.multilingual+Vocabulary.ml_3000_vocab (ActivationType.tanh+EOSWeight.20.0+EmbedSize.128+LeftSize.4+LinearLayers.2+NHead.8+RightSize.4+Scenario.multilingual+TransformerLayers.0+Vocabulary.ml_3000_vocab)
DELETE: /exp/rwicks/ersatz/exp/ducttape/train/EOSWeight.20.0+EmbedSize.32+LeftSize.4+LinearLayers.1+RightSize.4+Scenario.multilingual+TransformerLayers.2+Vocabulary.ml_3000_vocab (ActivationType.tanh+EOSWeight.20.0+EmbedSize.32+LeftSize.4+LinearLayers.1+NHead.8+RightSize.4+Scenario.multilingual+TransformerLayers.2+Vocabulary.ml_3000_vocab)
DELETE: /exp/rwicks/ersatz/exp/ducttape/train/EOSWeight.20.0+EmbedSize.128+LeftSize.4+LinearLayers.1+RightSize.4+Scenario.multilingual+TransformerLayers.2+Vocabulary.ml_3000_vocab (ActivationType.tanh+EOSWeight.20.0+EmbedSize.128+LeftSize.4+LinearLayers.1+NHead.8+RightSize.4+Scenario.multilingual+TransformerLayers.2+Vocabulary.ml_3000_vocab)
DELETE: /exp/rwicks/ersatz/exp/ducttape/train/EOSWeight.20.0+EmbedSize.32+LeftSize.4+LinearLayers.2+RightSize.4+Scenario.multilingual+Vocabulary.ml_3000_vocab (ActivationType.tanh+EOSWeight.20.0+EmbedSize.32+LeftSize.4+LinearLayers.2+NHead.8+RightSize.4+Scenario.multilingual+TransformerLayers.0+Vocabulary.ml_3000_vocab)
DELETE: /exp/rwicks/ersatz/exp/ducttape/train/EOSWeight.20.0+EmbedSize.32+LeftSize.6+LinearLayers.1+RightSize.4+Scenario.multilingual+TransformerLayers.2+Vocabulary.ml_48000_vocab (ActivationType.tanh+EOSWeight.20.0+EmbedSize.32+LeftSize.6+LinearLayers.1+NHead.8+RightSize.4+Scenario.multilingual+TransformerLayers.2+Vocabulary.ml_48000_vocab)
DELETE: /exp/rwicks/ersatz/exp/ducttape/train/EOSWeight.20.0+EmbedSize.128+LeftSize.6+LinearLayers.1+RightSize.4+Scenario.multilingual+TransformerLayers.2+Vocabulary.ml_48000_vocab (ActivationType.tanh+EOSWeight.20.0+EmbedSize.128+LeftSize.6+LinearLayers.1+NHead.8+RightSize.4+Scenario.multilingual+TransformerLayers.2+Vocabulary.ml_48000_vocab)
DELETE: /exp/rwicks/ersatz/exp/ducttape/train/EOSWeight.20.0+EmbedSize.32+LeftSize.6+LinearLayers.2+RightSize.4+Scenario.multilingual+Vocabulary.ml_48000_vocab (ActivationType.tanh+EOSWeight.20.0+EmbedSize.32+LeftSize.6+LinearLayers.2+NHead.8+RightSize.4+Scenario.multilingual+TransformerLayers.0+Vocabulary.ml_48000_vocab)
DELETE: /exp/rwicks/ersatz/exp/ducttape/train/EOSWeight.20.0+EmbedSize.128+LeftSize.6+LinearLayers.2+RightSize.4+Scenario.multilingual+Vocabulary.ml_48000_vocab (ActivationType.tanh+EOSWeight.20.0+EmbedSize.128+LeftSize.6+LinearLayers.2+NHead.8+RightSize.4+Scenario.multilingual+TransformerLayers.0+Vocabulary.ml_48000_vocab)
DELETE: /exp/rwicks/ersatz/exp/ducttape/train/EOSWeight.20.0+EmbedSize.128+LeftSize.6+LinearLayers.1+RightSize.4+Scenario.multilingual+TransformerLayers.2+Vocabulary.ml_3000_vocab (ActivationType.tanh+EOSWeight.20.0+EmbedSize.128+LeftSize.6+LinearLayers.1+NHead.8+RightSize.4+Scenario.multilingual+TransformerLayers.2+Vocabulary.ml_3000_vocab)
DELETE: /exp/rwicks/ersatz/exp/ducttape/train/EOSWeight.20.0+EmbedSize.32+LeftSize.6+LinearLayers.2+RightSize.4+Scenario.multilingual+Vocabulary.ml_3000_vocab (ActivationType.tanh+EOSWeight.20.0+EmbedSize.32+LeftSize.6+LinearLayers.2+NHead.8+RightSize.4+Scenario.multilingual+TransformerLayers.0+Vocabulary.ml_3000_vocab)
DELETE: /exp/rwicks/ersatz/exp/ducttape/train/EOSWeight.20.0+EmbedSize.128+LeftSize.6+LinearLayers.2+RightSize.4+Scenario.multilingual+Vocabulary.ml_3000_vocab (ActivationType.tanh+EOSWeight.20.0+EmbedSize.128+LeftSize.6+LinearLayers.2+NHead.8+RightSize.4+Scenario.multilingual+TransformerLayers.0+Vocabulary.ml_3000_vocab)
RUN: /exp/rwicks/ersatz/exp/ducttape/train/EOSWeight.20.0+EmbedSize.32+LeftSize.4+LinearLayers.2+RightSize.4+Scenario.multilingual+Vocabulary.ml_48000_vocab (ActivationType.tanh+EOSWeight.20.0+EmbedSize.32+LeftSize.4+LinearLayers.2+NHead.8+RightSize.4+Scenario.multilingual+TransformerLayers.0+Vocabulary.ml_48000_vocab)
RUN: /exp/rwicks/ersatz/exp/ducttape/train/EOSWeight.20.0+EmbedSize.128+LeftSize.4+LinearLayers.2+RightSize.4+Scenario.multilingual+Vocabulary.ml_48000_vocab (ActivationType.tanh+EOSWeight.20.0+EmbedSize.128+LeftSize.4+LinearLayers.2+NHead.8+RightSize.4+Scenario.multilingual+TransformerLayers.0+Vocabulary.ml_48000_vocab)
RUN: /exp/rwicks/ersatz/exp/ducttape/train/EOSWeight.20.0+EmbedSize.32+LeftSize.6+LinearLayers.1+RightSize.4+Scenario.multilingual+TransformerLayers.2+Vocabulary.ml_3000_vocab (ActivationType.tanh+EOSWeight.20.0+EmbedSize.32+LeftSize.6+LinearLayers.1+NHead.8+RightSize.4+Scenario.multilingual+TransformerLayers.2+Vocabulary.ml_3000_vocab)
RUN: /exp/rwicks/ersatz/exp/ducttape/train/EOSWeight.20.0+EmbedSize.32+LeftSize.4+LinearLayers.1+RightSize.4+Scenario.multilingual+TransformerLayers.2+Vocabulary.ml_48000_vocab (ActivationType.tanh+EOSWeight.20.0+EmbedSize.32+LeftSize.4+LinearLayers.1+NHead.8+RightSize.4+Scenario.multilingual+TransformerLayers.2+Vocabulary.ml_48000_vocab)
RUN: /exp/rwicks/ersatz/exp/ducttape/train/EOSWeight.20.0+EmbedSize.128+LeftSize.4+LinearLayers.1+RightSize.4+Scenario.multilingual+TransformerLayers.2+Vocabulary.ml_48000_vocab (ActivationType.tanh+EOSWeight.20.0+EmbedSize.128+LeftSize.4+LinearLayers.1+NHead.8+RightSize.4+Scenario.multilingual+TransformerLayers.2+Vocabulary.ml_48000_vocab)
RUN: /exp/rwicks/ersatz/exp/ducttape/train/EOSWeight.20.0+EmbedSize.128+LeftSize.4+LinearLayers.2+RightSize.4+Scenario.multilingual+Vocabulary.ml_3000_vocab (ActivationType.tanh+EOSWeight.20.0+EmbedSize.128+LeftSize.4+LinearLayers.2+NHead.8+RightSize.4+Scenario.multilingual+TransformerLayers.0+Vocabulary.ml_3000_vocab)
RUN: /exp/rwicks/ersatz/exp/ducttape/train/EOSWeight.20.0+EmbedSize.32+LeftSize.4+LinearLayers.1+RightSize.4+Scenario.multilingual+TransformerLayers.2+Vocabulary.ml_3000_vocab (ActivationType.tanh+EOSWeight.20.0+EmbedSize.32+LeftSize.4+LinearLayers.1+NHead.8+RightSize.4+Scenario.multilingual+TransformerLayers.2+Vocabulary.ml_3000_vocab)
RUN: /exp/rwicks/ersatz/exp/ducttape/train/EOSWeight.20.0+EmbedSize.128+LeftSize.4+LinearLayers.1+RightSize.4+Scenario.multilingual+TransformerLayers.2+Vocabulary.ml_3000_vocab (ActivationType.tanh+EOSWeight.20.0+EmbedSize.128+LeftSize.4+LinearLayers.1+NHead.8+RightSize.4+Scenario.multilingual+TransformerLayers.2+Vocabulary.ml_3000_vocab)
RUN: /exp/rwicks/ersatz/exp/ducttape/train/EOSWeight.20.0+EmbedSize.32+LeftSize.4+LinearLayers.2+RightSize.4+Scenario.multilingual+Vocabulary.ml_3000_vocab (ActivationType.tanh+EOSWeight.20.0+EmbedSize.32+LeftSize.4+LinearLayers.2+NHead.8+RightSize.4+Scenario.multilingual+TransformerLayers.0+Vocabulary.ml_3000_vocab)
RUN: /exp/rwicks/ersatz/exp/ducttape/train/EOSWeight.20.0+EmbedSize.32+LeftSize.6+LinearLayers.1+RightSize.4+Scenario.multilingual+TransformerLayers.2+Vocabulary.ml_48000_vocab (ActivationType.tanh+EOSWeight.20.0+EmbedSize.32+LeftSize.6+LinearLayers.1+NHead.8+RightSize.4+Scenario.multilingual+TransformerLayers.2+Vocabulary.ml_48000_vocab)
RUN: /exp/rwicks/ersatz/exp/ducttape/train/EOSWeight.20.0+EmbedSize.128+LeftSize.6+LinearLayers.1+RightSize.4+Scenario.multilingual+TransformerLayers.2+Vocabulary.ml_48000_vocab (ActivationType.tanh+EOSWeight.20.0+EmbedSize.128+LeftSize.6+LinearLayers.1+NHead.8+RightSize.4+Scenario.multilingual+TransformerLayers.2+Vocabulary.ml_48000_vocab)
RUN: /exp/rwicks/ersatz/exp/ducttape/train/EOSWeight.20.0+EmbedSize.32+LeftSize.6+LinearLayers.2+RightSize.4+Scenario.multilingual+Vocabulary.ml_48000_vocab (ActivationType.tanh+EOSWeight.20.0+EmbedSize.32+LeftSize.6+LinearLayers.2+NHead.8+RightSize.4+Scenario.multilingual+TransformerLayers.0+Vocabulary.ml_48000_vocab)
RUN: /exp/rwicks/ersatz/exp/ducttape/train/EOSWeight.20.0+EmbedSize.128+LeftSize.6+LinearLayers.2+RightSize.4+Scenario.multilingual+Vocabulary.ml_48000_vocab (ActivationType.tanh+EOSWeight.20.0+EmbedSize.128+LeftSize.6+LinearLayers.2+NHead.8+RightSize.4+Scenario.multilingual+TransformerLayers.0+Vocabulary.ml_48000_vocab)
RUN: /exp/rwicks/ersatz/exp/ducttape/train/EOSWeight.20.0+EmbedSize.128+LeftSize.6+LinearLayers.1+RightSize.4+Scenario.multilingual+TransformerLayers.2+Vocabulary.ml_3000_vocab (ActivationType.tanh+EOSWeight.20.0+EmbedSize.128+LeftSize.6+LinearLayers.1+NHead.8+RightSize.4+Scenario.multilingual+TransformerLayers.2+Vocabulary.ml_3000_vocab)
RUN: /exp/rwicks/ersatz/exp/ducttape/train/EOSWeight.20.0+EmbedSize.32+LeftSize.6+LinearLayers.2+RightSize.4+Scenario.multilingual+Vocabulary.ml_3000_vocab (ActivationType.tanh+EOSWeight.20.0+EmbedSize.32+LeftSize.6+LinearLayers.2+NHead.8+RightSize.4+Scenario.multilingual+TransformerLayers.0+Vocabulary.ml_3000_vocab)
RUN: /exp/rwicks/ersatz/exp/ducttape/train/EOSWeight.20.0+EmbedSize.128+LeftSize.6+LinearLayers.2+RightSize.4+Scenario.multilingual+Vocabulary.ml_3000_vocab (ActivationType.tanh+EOSWeight.20.0+EmbedSize.128+LeftSize.6+LinearLayers.2+NHead.8+RightSize.4+Scenario.multilingual+TransformerLayers.0+Vocabulary.ml_3000_vocab)
Retrieving code and building...
Moving previous partial output to the attic...
Removing broken partial output for train/EOSWeight.20.0+EmbedSize.32+LeftSize.4+LinearLayers.2+RightSize.4+Scenario.multilingual+Vocabulary.ml_48000_vocab/58
Removing broken partial output for train/EOSWeight.20.0+EmbedSize.128+LeftSize.4+LinearLayers.2+RightSize.4+Scenario.multilingual+Vocabulary.ml_48000_vocab/58
Removing broken partial output for train/EOSWeight.20.0+EmbedSize.32+LeftSize.4+LinearLayers.1+RightSize.4+Scenario.multilingual+TransformerLayers.2+Vocabulary.ml_48000_vocab/58
Removing broken partial output for train/EOSWeight.20.0+EmbedSize.128+LeftSize.4+LinearLayers.1+RightSize.4+Scenario.multilingual+TransformerLayers.2+Vocabulary.ml_48000_vocab/58
Removing broken partial output for train/EOSWeight.20.0+EmbedSize.32+LeftSize.4+LinearLayers.2+RightSize.4+Scenario.multilingual+Vocabulary.ml_3000_vocab/58
Removing broken partial output for train/EOSWeight.20.0+EmbedSize.128+LeftSize.4+LinearLayers.2+RightSize.4+Scenario.multilingual+Vocabulary.ml_3000_vocab/58
Removing broken partial output for train/EOSWeight.20.0+EmbedSize.32+LeftSize.4+LinearLayers.1+RightSize.4+Scenario.multilingual+TransformerLayers.2+Vocabulary.ml_3000_vocab/58
Removing broken partial output for train/EOSWeight.20.0+EmbedSize.128+LeftSize.4+LinearLayers.1+RightSize.4+Scenario.multilingual+TransformerLayers.2+Vocabulary.ml_3000_vocab/58
Removing broken partial output for train/EOSWeight.20.0+EmbedSize.32+LeftSize.6+LinearLayers.2+RightSize.4+Scenario.multilingual+Vocabulary.ml_3000_vocab/58
Removing broken partial output for train/EOSWeight.20.0+EmbedSize.128+LeftSize.6+LinearLayers.2+RightSize.4+Scenario.multilingual+Vocabulary.ml_3000_vocab/58
Removing broken partial output for train/EOSWeight.20.0+EmbedSize.32+LeftSize.6+LinearLayers.1+RightSize.4+Scenario.multilingual+TransformerLayers.2+Vocabulary.ml_3000_vocab/58
Removing broken partial output for train/EOSWeight.20.0+EmbedSize.128+LeftSize.6+LinearLayers.1+RightSize.4+Scenario.multilingual+TransformerLayers.2+Vocabulary.ml_3000_vocab/58
Removing broken partial output for train/EOSWeight.20.0+EmbedSize.32+LeftSize.6+LinearLayers.2+RightSize.4+Scenario.multilingual+Vocabulary.ml_48000_vocab/58
Removing broken partial output for train/EOSWeight.20.0+EmbedSize.128+LeftSize.6+LinearLayers.2+RightSize.4+Scenario.multilingual+Vocabulary.ml_48000_vocab/58
Removing broken partial output for train/EOSWeight.20.0+EmbedSize.32+LeftSize.6+LinearLayers.1+RightSize.4+Scenario.multilingual+TransformerLayers.2+Vocabulary.ml_48000_vocab/58
Removing broken partial output for train/EOSWeight.20.0+EmbedSize.128+LeftSize.6+LinearLayers.1+RightSize.4+Scenario.multilingual+TransformerLayers.2+Vocabulary.ml_48000_vocab/58
Executing tasks...
Acquiring lock for train/EOSWeight.20.0+EmbedSize.32+LeftSize.6+LinearLayers.2+RightSize.4+Scenario.multilingual+Vocabulary.ml_48000_vocab/58
Acquiring lock for train/EOSWeight.20.0+EmbedSize.128+LeftSize.6+LinearLayers.2+RightSize.4+Scenario.multilingual+Vocabulary.ml_48000_vocab/58
Acquiring lock for train/EOSWeight.20.0+EmbedSize.32+LeftSize.6+LinearLayers.1+RightSize.4+Scenario.multilingual+TransformerLayers.2+Vocabulary.ml_48000_vocab/58
Acquiring lock for train/EOSWeight.20.0+EmbedSize.128+LeftSize.6+LinearLayers.1+RightSize.4+Scenario.multilingual+TransformerLayers.2+Vocabulary.ml_48000_vocab/58
Running train/EOSWeight.20.0+EmbedSize.128+LeftSize.6+LinearLayers.1+RightSize.4+Scenario.multilingual+TransformerLayers.2+Vocabulary.ml_48000_vocab/58 in /exp/rwicks/ersatz/exp/ducttape/train/EOSWeight.20.0+EmbedSize.128+LeftSize.6+LinearLayers.1+RightSize.4+Scenario.multilingual+TransformerLayers.2+Vocabulary.ml_48000_vocab
Using submitter sge
Running train/EOSWeight.20.0+EmbedSize.32+LeftSize.6+LinearLayers.2+RightSize.4+Scenario.multilingual+Vocabulary.ml_48000_vocab/58 in /exp/rwicks/ersatz/exp/ducttape/train/EOSWeight.20.0+EmbedSize.32+LeftSize.6+LinearLayers.2+RightSize.4+Scenario.multilingual+Vocabulary.ml_48000_vocab
Running train/EOSWeight.20.0+EmbedSize.32+LeftSize.6+LinearLayers.1+RightSize.4+Scenario.multilingual+TransformerLayers.2+Vocabulary.ml_48000_vocab/58 in /exp/rwicks/ersatz/exp/ducttape/train/EOSWeight.20.0+EmbedSize.32+LeftSize.6+LinearLayers.1+RightSize.4+Scenario.multilingual+TransformerLayers.2+Vocabulary.ml_48000_vocab
Running train/EOSWeight.20.0+EmbedSize.128+LeftSize.6+LinearLayers.2+RightSize.4+Scenario.multilingual+Vocabulary.ml_48000_vocab/58 in /exp/rwicks/ersatz/exp/ducttape/train/EOSWeight.20.0+EmbedSize.128+LeftSize.6+LinearLayers.2+RightSize.4+Scenario.multilingual+Vocabulary.ml_48000_vocab
Using submitter sge
Using submitter sge
Using submitter sge
Acquiring lock for train/EOSWeight.20.0+EmbedSize.32+LeftSize.4+LinearLayers.2+RightSize.4+Scenario.multilingual+Vocabulary.ml_3000_vocab/58
Acquiring lock for train/EOSWeight.20.0+EmbedSize.128+LeftSize.4+LinearLayers.2+RightSize.4+Scenario.multilingual+Vocabulary.ml_3000_vocab/58
Acquiring lock for train/EOSWeight.20.0+EmbedSize.32+LeftSize.4+LinearLayers.1+RightSize.4+Scenario.multilingual+TransformerLayers.2+Vocabulary.ml_3000_vocab/58
Acquiring lock for train/EOSWeight.20.0+EmbedSize.128+LeftSize.4+LinearLayers.1+RightSize.4+Scenario.multilingual+TransformerLayers.2+Vocabulary.ml_3000_vocab/58
Running train/EOSWeight.20.0+EmbedSize.32+LeftSize.4+LinearLayers.2+RightSize.4+Scenario.multilingual+Vocabulary.ml_3000_vocab/58 in /exp/rwicks/ersatz/exp/ducttape/train/EOSWeight.20.0+EmbedSize.32+LeftSize.4+LinearLayers.2+RightSize.4+Scenario.multilingual+Vocabulary.ml_3000_vocab
Using submitter sge
Running train/EOSWeight.20.0+EmbedSize.128+LeftSize.4+LinearLayers.1+RightSize.4+Scenario.multilingual+TransformerLayers.2+Vocabulary.ml_3000_vocab/58 in /exp/rwicks/ersatz/exp/ducttape/train/EOSWeight.20.0+EmbedSize.128+LeftSize.4+LinearLayers.1+RightSize.4+Scenario.multilingual+TransformerLayers.2+Vocabulary.ml_3000_vocab
Using submitter sge
Running train/EOSWeight.20.0+EmbedSize.32+LeftSize.4+LinearLayers.1+RightSize.4+Scenario.multilingual+TransformerLayers.2+Vocabulary.ml_3000_vocab/58 in /exp/rwicks/ersatz/exp/ducttape/train/EOSWeight.20.0+EmbedSize.32+LeftSize.4+LinearLayers.1+RightSize.4+Scenario.multilingual+TransformerLayers.2+Vocabulary.ml_3000_vocab
Running train/EOSWeight.20.0+EmbedSize.128+LeftSize.4+LinearLayers.2+RightSize.4+Scenario.multilingual+Vocabulary.ml_3000_vocab/58 in /exp/rwicks/ersatz/exp/ducttape/train/EOSWeight.20.0+EmbedSize.128+LeftSize.4+LinearLayers.2+RightSize.4+Scenario.multilingual+Vocabulary.ml_3000_vocab
Using submitter sge
Using submitter sge
Acquiring lock for train/EOSWeight.20.0+EmbedSize.32+LeftSize.4+LinearLayers.2+RightSize.4+Scenario.multilingual+Vocabulary.ml_48000_vocab/58
Acquiring lock for train/EOSWeight.20.0+EmbedSize.128+LeftSize.4+LinearLayers.2+RightSize.4+Scenario.multilingual+Vocabulary.ml_48000_vocab/58
Acquiring lock for train/EOSWeight.20.0+EmbedSize.32+LeftSize.4+LinearLayers.1+RightSize.4+Scenario.multilingual+TransformerLayers.2+Vocabulary.ml_48000_vocab/58
Acquiring lock for train/EOSWeight.20.0+EmbedSize.128+LeftSize.4+LinearLayers.1+RightSize.4+Scenario.multilingual+TransformerLayers.2+Vocabulary.ml_48000_vocab/58
Acquiring lock for train/EOSWeight.20.0+EmbedSize.32+LeftSize.6+LinearLayers.2+RightSize.4+Scenario.multilingual+Vocabulary.ml_3000_vocab/58
Acquiring lock for train/EOSWeight.20.0+EmbedSize.128+LeftSize.6+LinearLayers.2+RightSize.4+Scenario.multilingual+Vocabulary.ml_3000_vocab/58
Acquiring lock for train/EOSWeight.20.0+EmbedSize.32+LeftSize.6+LinearLayers.1+RightSize.4+Scenario.multilingual+TransformerLayers.2+Vocabulary.ml_3000_vocab/58
Acquiring lock for train/EOSWeight.20.0+EmbedSize.128+LeftSize.6+LinearLayers.1+RightSize.4+Scenario.multilingual+TransformerLayers.2+Vocabulary.ml_3000_vocab/58
Running train/EOSWeight.20.0+EmbedSize.32+LeftSize.4+LinearLayers.2+RightSize.4+Scenario.multilingual+Vocabulary.ml_48000_vocab/58 in /exp/rwicks/ersatz/exp/ducttape/train/EOSWeight.20.0+EmbedSize.32+LeftSize.4+LinearLayers.2+RightSize.4+Scenario.multilingual+Vocabulary.ml_48000_vocab
Running train/EOSWeight.20.0+EmbedSize.128+LeftSize.4+LinearLayers.2+RightSize.4+Scenario.multilingual+Vocabulary.ml_48000_vocab/58 in /exp/rwicks/ersatz/exp/ducttape/train/EOSWeight.20.0+EmbedSize.128+LeftSize.4+LinearLayers.2+RightSize.4+Scenario.multilingual+Vocabulary.ml_48000_vocab
Running train/EOSWeight.20.0+EmbedSize.32+LeftSize.4+LinearLayers.1+RightSize.4+Scenario.multilingual+TransformerLayers.2+Vocabulary.ml_48000_vocab/58 in /exp/rwicks/ersatz/exp/ducttape/train/EOSWeight.20.0+EmbedSize.32+LeftSize.4+LinearLayers.1+RightSize.4+Scenario.multilingual+TransformerLayers.2+Vocabulary.ml_48000_vocab
Using submitter sge
Using submitter sge
Using submitter sge
Running train/EOSWeight.20.0+EmbedSize.128+LeftSize.6+LinearLayers.2+RightSize.4+Scenario.multilingual+Vocabulary.ml_3000_vocab/58 in /exp/rwicks/ersatz/exp/ducttape/train/EOSWeight.20.0+EmbedSize.128+LeftSize.6+LinearLayers.2+RightSize.4+Scenario.multilingual+Vocabulary.ml_3000_vocab
Running train/EOSWeight.20.0+EmbedSize.32+LeftSize.6+LinearLayers.2+RightSize.4+Scenario.multilingual+Vocabulary.ml_3000_vocab/58 in /exp/rwicks/ersatz/exp/ducttape/train/EOSWeight.20.0+EmbedSize.32+LeftSize.6+LinearLayers.2+RightSize.4+Scenario.multilingual+Vocabulary.ml_3000_vocab
Running train/EOSWeight.20.0+EmbedSize.128+LeftSize.4+LinearLayers.1+RightSize.4+Scenario.multilingual+TransformerLayers.2+Vocabulary.ml_48000_vocab/58 in /exp/rwicks/ersatz/exp/ducttape/train/EOSWeight.20.0+EmbedSize.128+LeftSize.4+LinearLayers.1+RightSize.4+Scenario.multilingual+TransformerLayers.2+Vocabulary.ml_48000_vocab
Using submitter sge
Running train/EOSWeight.20.0+EmbedSize.128+LeftSize.6+LinearLayers.1+RightSize.4+Scenario.multilingual+TransformerLayers.2+Vocabulary.ml_3000_vocab/58 in /exp/rwicks/ersatz/exp/ducttape/train/EOSWeight.20.0+EmbedSize.128+LeftSize.6+LinearLayers.1+RightSize.4+Scenario.multilingual+TransformerLayers.2+Vocabulary.ml_3000_vocab
Running train/EOSWeight.20.0+EmbedSize.32+LeftSize.6+LinearLayers.1+RightSize.4+Scenario.multilingual+TransformerLayers.2+Vocabulary.ml_3000_vocab/58 in /exp/rwicks/ersatz/exp/ducttape/train/EOSWeight.20.0+EmbedSize.32+LeftSize.6+LinearLayers.1+RightSize.4+Scenario.multilingual+TransformerLayers.2+Vocabulary.ml_3000_vocab
Using submitter sge
Using submitter sge
Using submitter sge
Using submitter sge
