ducttape (version unknown)
by Jonathan Clark
SLF4J: Failed to load class "org.slf4j.impl.StaticLoggerBinder".
SLF4J: Defaulting to no-operation (NOP) logger implementation
SLF4J: See http://www.slf4j.org/codes.html#StaticLoggerBinder for further details.
Loading workflow version history...
Have 52 previous workflow versions
Finding hyperpaths contained in plan...
Found 8 vertices implied by realization plan do_ml_rachel_2
Union of all planned vertices has size 8
Checking for completed tasks from versions 1 through 52...
Task incomplete: /exp/rwicks/ersatz/exp/ducttape/train/EmbedSize.32+LeftSize.6+LinearLayers.1+RightSize.4+Scenario.multilingual+TransformerLayers.2+Vocabulary.ml_12000_vocab (ActivationType.tanh+EOSWeight.10.0+EmbedSize.32+LeftSize.6+LinearLayers.1+NHead.8+RightSize.4+Scenario.multilingual+TransformerLayers.2+Vocabulary.ml_12000_vocab): Exit code file does not exist
Task incomplete: /exp/rwicks/ersatz/exp/ducttape/train/EmbedSize.128+LeftSize.6+LinearLayers.1+RightSize.4+Scenario.multilingual+TransformerLayers.2+Vocabulary.ml_12000_vocab (ActivationType.tanh+EOSWeight.10.0+EmbedSize.128+LeftSize.6+LinearLayers.1+NHead.8+RightSize.4+Scenario.multilingual+TransformerLayers.2+Vocabulary.ml_12000_vocab): Exit code file does not exist
Task incomplete: /exp/rwicks/ersatz/exp/ducttape/train/EmbedSize.32+LeftSize.4+LinearLayers.1+RightSize.4+Scenario.multilingual+TransformerLayers.2+Vocabulary.ml_12000_vocab (ActivationType.tanh+EOSWeight.10.0+EmbedSize.32+LeftSize.4+LinearLayers.1+NHead.8+RightSize.4+Scenario.multilingual+TransformerLayers.2+Vocabulary.ml_12000_vocab): Exit code file does not exist
Task incomplete: /exp/rwicks/ersatz/exp/ducttape/train/EmbedSize.128+LeftSize.4+LinearLayers.1+RightSize.4+Scenario.multilingual+TransformerLayers.2+Vocabulary.ml_12000_vocab (ActivationType.tanh+EOSWeight.10.0+EmbedSize.128+LeftSize.4+LinearLayers.1+NHead.8+RightSize.4+Scenario.multilingual+TransformerLayers.2+Vocabulary.ml_12000_vocab): Exit code file does not exist
Finding packages...
Found 1 packages
Checking for already built packages (if this takes a long time, consider switching to a local-disk git clone instead of a remote repository)...
Found existing version of package ersatz: VERSIONING_UNSUPPORTED
Checking inputs...
Work plan (depth-first traversal):
WAIT FOR LOCK: /exp/rwicks/ersatz/exp/ducttape/train/EmbedSize.32+LeftSize.6+LinearLayers.1+RightSize.4+Scenario.multilingual+TransformerLayers.2+Vocabulary.ml_12000_vocab (ActivationType.tanh+EOSWeight.10.0+EmbedSize.32+LeftSize.6+LinearLayers.1+NHead.8+RightSize.4+Scenario.multilingual+TransformerLayers.2+Vocabulary.ml_12000_vocab)
WAIT FOR LOCK: /exp/rwicks/ersatz/exp/ducttape/train/EmbedSize.128+LeftSize.6+LinearLayers.1+RightSize.4+Scenario.multilingual+TransformerLayers.2+Vocabulary.ml_12000_vocab (ActivationType.tanh+EOSWeight.10.0+EmbedSize.128+LeftSize.6+LinearLayers.1+NHead.8+RightSize.4+Scenario.multilingual+TransformerLayers.2+Vocabulary.ml_12000_vocab)
WAIT FOR LOCK: /exp/rwicks/ersatz/exp/ducttape/train/EmbedSize.32+LeftSize.4+LinearLayers.1+RightSize.4+Scenario.multilingual+TransformerLayers.2+Vocabulary.ml_12000_vocab (ActivationType.tanh+EOSWeight.10.0+EmbedSize.32+LeftSize.4+LinearLayers.1+NHead.8+RightSize.4+Scenario.multilingual+TransformerLayers.2+Vocabulary.ml_12000_vocab)
WAIT FOR LOCK: /exp/rwicks/ersatz/exp/ducttape/train/EmbedSize.128+LeftSize.4+LinearLayers.1+RightSize.4+Scenario.multilingual+TransformerLayers.2+Vocabulary.ml_12000_vocab (ActivationType.tanh+EOSWeight.10.0+EmbedSize.128+LeftSize.4+LinearLayers.1+NHead.8+RightSize.4+Scenario.multilingual+TransformerLayers.2+Vocabulary.ml_12000_vocab)
RUN: /exp/rwicks/ersatz/exp/ducttape/train/EmbedSize.32+LeftSize.6+LinearLayers.1+RightSize.4+Scenario.multilingual+TransformerLayers.2+Vocabulary.ml_12000_vocab (ActivationType.tanh+EOSWeight.10.0+EmbedSize.32+LeftSize.6+LinearLayers.1+NHead.8+RightSize.4+Scenario.multilingual+TransformerLayers.2+Vocabulary.ml_12000_vocab)
RUN: /exp/rwicks/ersatz/exp/ducttape/train/EmbedSize.128+LeftSize.6+LinearLayers.1+RightSize.4+Scenario.multilingual+TransformerLayers.2+Vocabulary.ml_12000_vocab (ActivationType.tanh+EOSWeight.10.0+EmbedSize.128+LeftSize.6+LinearLayers.1+NHead.8+RightSize.4+Scenario.multilingual+TransformerLayers.2+Vocabulary.ml_12000_vocab)
RUN: /exp/rwicks/ersatz/exp/ducttape/train/EmbedSize.32+LeftSize.4+LinearLayers.1+RightSize.4+Scenario.multilingual+TransformerLayers.2+Vocabulary.ml_12000_vocab (ActivationType.tanh+EOSWeight.10.0+EmbedSize.32+LeftSize.4+LinearLayers.1+NHead.8+RightSize.4+Scenario.multilingual+TransformerLayers.2+Vocabulary.ml_12000_vocab)
RUN: /exp/rwicks/ersatz/exp/ducttape/train/EmbedSize.128+LeftSize.4+LinearLayers.1+RightSize.4+Scenario.multilingual+TransformerLayers.2+Vocabulary.ml_12000_vocab (ActivationType.tanh+EOSWeight.10.0+EmbedSize.128+LeftSize.4+LinearLayers.1+NHead.8+RightSize.4+Scenario.multilingual+TransformerLayers.2+Vocabulary.ml_12000_vocab)
Retrieving code and building...
Moving previous partial output to the attic...
Executing tasks...
Acquiring lock for train/EmbedSize.128+LeftSize.6+LinearLayers.1+RightSize.4+Scenario.multilingual+TransformerLayers.2+Vocabulary.ml_12000_vocab/53
Acquiring lock for train/EmbedSize.32+LeftSize.6+LinearLayers.1+RightSize.4+Scenario.multilingual+TransformerLayers.2+Vocabulary.ml_12000_vocab/53
Acquiring lock for train/EmbedSize.128+LeftSize.4+LinearLayers.1+RightSize.4+Scenario.multilingual+TransformerLayers.2+Vocabulary.ml_12000_vocab/53
Acquiring lock for train/EmbedSize.32+LeftSize.4+LinearLayers.1+RightSize.4+Scenario.multilingual+TransformerLayers.2+Vocabulary.ml_12000_vocab/53
